Exporter version: 6.2.4, Blender version: 2.81 (sub 16)
========= Conversion from Blender to Babylon.js =========
	Scene settings used :
		inline textures     :  false
		Material Type       :  PBR
		Positions Precision :  4
		Normals Precision   :  3
		UVs Precision       :  3
		Vert Color Precision:  3
		Mat Weight Precision:  2
		texture directory   :  C:\Users\aocon\babylonScenes\islandGame\assets\islandScene\
	Python World class constructor completed
	processing begun of camera (UniversalCamera):  Camera
	processing begun of mesh:  Flower_Small_Pink
		processing begun of material:  palette
			processing texture Flower_Small_Texture
				texture type:  diffuseTexture, mapped using: "UVMap"
		Custom split normals with tangents being used
		num positions      :  215
		num normals        :  215
		num tangents       :  860
		num uvs            :  430
		num uvs2           :  0
		num colors         :  0
		num indices        :  366
	processing begun of mesh:  Flower_Small_Pink_2
		processing begun of material:  palette.001
			processing texture Flower_Small_Texture
				texture type:  diffuseTexture, mapped using: "UVMap"
		Custom split normals with tangents being used
		num positions      :  434
		num normals        :  434
		num tangents       :  1736
		num uvs            :  868
		num uvs2           :  0
		num colors         :  0
		num indices        :  738
	processing begun of mesh:  Flower_Small_Red
		processing begun of material:  palette.002
			processing texture Flower_Small_Texture
				texture type:  diffuseTexture, mapped using: "UVMap"
		Custom split normals with tangents being used
		num positions      :  215
		num normals        :  215
		num tangents       :  860
		num uvs            :  430
		num uvs2           :  0
		num colors         :  0
		num indices        :  366
	processing begun of mesh:  Flower_Small_Red_2
		processing begun of material:  palette.003
			processing texture Flower_Small_Texture
				texture type:  diffuseTexture, mapped using: "UVMap"
		Custom split normals with tangents being used
		num positions      :  441
		num normals        :  441
		num tangents       :  1764
		num uvs            :  882
		num uvs2           :  0
		num colors         :  0
		num indices        :  744
	processing begun of mesh:  Flower_Small_Sky_Blue
		processing begun of material:  palette.005
			processing texture Flower_Small_Texture
				texture type:  diffuseTexture, mapped using: "UVMap"
		Custom split normals with tangents being used
		num positions      :  215
		num normals        :  215
		num tangents       :  860
		num uvs            :  430
		num uvs2           :  0
		num colors         :  0
		num indices        :  366
	processing begun of mesh:  Flower_Small_Sky_Blue_2
		processing begun of material:  palette.006
			processing texture Flower_Small_Texture
				texture type:  diffuseTexture, mapped using: "UVMap"
		Custom split normals with tangents being used
		num positions      :  441
		num normals        :  441
		num tangents       :  1764
		num uvs            :  882
		num uvs2           :  0
		num colors         :  0
		num indices        :  744
	processing begun of mesh:  Flower_Small_Yellow
		processing begun of material:  palette.007
			processing texture Flower_Small_Texture
				texture type:  diffuseTexture, mapped using: "UVMap"
		Custom split normals with tangents being used
		num positions      :  215
		num normals        :  215
		num tangents       :  860
		num uvs            :  430
		num uvs2           :  0
		num colors         :  0
		num indices        :  366
	processing begun of mesh:  Flower_Small_Yellow_2
		processing begun of material:  palette.008
			processing texture Flower_Small_Texture
				texture type:  diffuseTexture, mapped using: "UVMap"
		Custom split normals with tangents being used
		num positions      :  434
		num normals        :  434
		num tangents       :  1736
		num uvs            :  868
		num uvs2           :  0
		num colors         :  0
		num indices        :  738
	processing begun of mesh:  Grass_3
		processing begun of material:  palette.011
			processing texture Grass_Texture
				texture type:  diffuseTexture, mapped using: "UVMap"
		Custom split normals with tangents being used
		num positions      :  289
		num normals        :  289
		num tangents       :  1156
		num uvs            :  578
		num uvs2           :  0
		num colors         :  0
		num indices        :  552
	processing begun of light (POINT):  Light
========= Writing of JSON file started =========
	writing mesh:  Flower_Small_Pink
	writing mesh:  Flower_Small_Pink_2
	writing mesh:  Flower_Small_Red
	writing mesh:  Flower_Small_Red_2
	writing mesh:  Flower_Small_Sky_Blue
	writing mesh:  Flower_Small_Sky_Blue_2
	writing mesh:  Flower_Small_Yellow
	writing mesh:  Flower_Small_Yellow_2
	writing mesh:  Grass_3
========= Writing of JSON file completed =========
========= end of processing =========
elapsed time:  0 min, 0.2473 secs
