Exporter version: 6.2.4, Blender version: 2.81 (sub 16)
========= Conversion from Blender to Babylon.js =========
	Scene settings used :
		inline textures     :  false
		Material Type       :  PBR
		Positions Precision :  4
		Normals Precision   :  3
		UVs Precision       :  3
		Vert Color Precision:  3
		Mat Weight Precision:  2
		texture directory   :  C:\Users\aocon\babylonScenes\game\assets\islandScene\
	Python World class constructor completed
	processing begun of camera (UniversalCamera):  Camera
	processing begun of mesh:  Flower_Small_Pink
		processing begun of material:  palette
			processing texture Flower_Small_Texture
				texture type:  diffuseTexture, mapped using: "UVMap"
		Custom split normals with tangents being used
		num positions      :  215
		num normals        :  215
		num tangents       :  860
		num uvs            :  430
		num uvs2           :  0
		num colors         :  0
		num indices        :  366
	processing begun of mesh:  Flower_Small_Pink_2
		processing begun of material:  palette.001
			processing texture Flower_Small_Texture
				texture type:  diffuseTexture, mapped using: "UVMap"
		Custom split normals with tangents being used
		num positions      :  434
		num normals        :  434
		num tangents       :  1736
		num uvs            :  868
		num uvs2           :  0
		num colors         :  0
		num indices        :  738
	processing begun of mesh:  Flower_Small_Red
		processing begun of material:  palette.002
			processing texture Flower_Small_Texture
				texture type:  diffuseTexture, mapped using: "UVMap"
		Custom split normals with tangents being used
		num positions      :  215
		num normals        :  215
		num tangents       :  860
		num uvs            :  430
		num uvs2           :  0
		num colors         :  0
		num indices        :  366
	processing begun of mesh:  Flower_Small_Red_2
		processing begun of material:  palette.003
			processing texture Flower_Small_Texture
				texture type:  diffuseTexture, mapped using: "UVMap"
		Custom split normals with tangents being used
		num positions      :  441
		num normals        :  441
		num tangents       :  1764
		num uvs            :  882
		num uvs2           :  0
		num colors         :  0
		num indices        :  744
	processing begun of mesh:  Flower_Small_Red_3
		processing begun of material:  palette.004
			processing texture Flower_Small_Texture
				texture type:  diffuseTexture, mapped using: "UVMap"
		Custom split normals with tangents being used
		num positions      :  401
		num normals        :  401
		num tangents       :  1604
		num uvs            :  802
		num uvs2           :  0
		num colors         :  0
		num indices        :  732
	processing begun of mesh:  Flower_Small_Sky_Blue
		processing begun of material:  palette.005
			processing texture Flower_Small_Texture
				texture type:  diffuseTexture, mapped using: "UVMap"
		Custom split normals with tangents being used
		num positions      :  215
		num normals        :  215
		num tangents       :  860
		num uvs            :  430
		num uvs2           :  0
		num colors         :  0
		num indices        :  366
	processing begun of mesh:  Flower_Small_Sky_Blue_2
		processing begun of material:  palette.006
			processing texture Flower_Small_Texture
				texture type:  diffuseTexture, mapped using: "UVMap"
		Custom split normals with tangents being used
		num positions      :  441
		num normals        :  441
		num tangents       :  1764
		num uvs            :  882
		num uvs2           :  0
		num colors         :  0
		num indices        :  744
	processing begun of mesh:  Flower_Small_Yellow
		processing begun of material:  palette.007
			processing texture Flower_Small_Texture
				texture type:  diffuseTexture, mapped using: "UVMap"
		Custom split normals with tangents being used
		num positions      :  215
		num normals        :  215
		num tangents       :  860
		num uvs            :  430
		num uvs2           :  0
		num colors         :  0
		num indices        :  366
	processing begun of mesh:  Flower_Small_Yellow_2
		processing begun of material:  palette.008
			processing texture Flower_Small_Texture
				texture type:  diffuseTexture, mapped using: "UVMap"
		Custom split normals with tangents being used
		num positions      :  434
		num normals        :  434
		num tangents       :  1736
		num uvs            :  868
		num uvs2           :  0
		num colors         :  0
		num indices        :  738
	processing begun of mesh:  Grass_1
		processing begun of material:  palette.009
			processing texture Grass_Texture
				texture type:  diffuseTexture, mapped using: "UVMap"
		Custom split normals with tangents being used
		num positions      :  284
		num normals        :  284
		num tangents       :  1136
		num uvs            :  568
		num uvs2           :  0
		num colors         :  0
		num indices        :  492
	processing begun of mesh:  Grass_2
		processing begun of material:  palette.010
			processing texture Grass_Texture
				texture type:  diffuseTexture, mapped using: "UVMap"
		Custom split normals with tangents being used
		num positions      :  622
		num normals        :  622
		num tangents       :  2488
		num uvs            :  1244
		num uvs2           :  0
		num colors         :  0
		num indices        :  948
	processing begun of mesh:  Grass_3
		processing begun of material:  palette.011
			processing texture Grass_Texture
				texture type:  diffuseTexture, mapped using: "UVMap"
		Custom split normals with tangents being used
		num positions      :  289
		num normals        :  289
		num tangents       :  1156
		num uvs            :  578
		num uvs2           :  0
		num colors         :  0
		num indices        :  552
	processing begun of mesh:  Log_1
		processing begun of material:  Material.010
			processing texture Texture
				texture type:  diffuseTexture, mapped using: "UVMap"
		Custom split normals with tangents being used
		num positions      :  2205
		num normals        :  2205
		num tangents       :  8820
		num uvs            :  4410
		num uvs2           :  0
		num colors         :  0
		num indices        :  2580
	processing begun of mesh:  Log_2
		processing begun of material:  palette.012
			processing texture Log_2
				texture type:  diffuseTexture, mapped using: "UVMap"
		Custom split normals with tangents being used
		num positions      :  216
		num normals        :  216
		num tangents       :  864
		num uvs            :  432
		num uvs2           :  0
		num colors         :  0
		num indices        :  420
	processing begun of mesh:  Rock
		processing begun of material:  palette.013
			processing texture Rock
				texture type:  diffuseTexture, mapped using: "UVMap"
		Custom split normals with tangents being used
		num positions      :  1179
		num normals        :  1179
		num tangents       :  4716
		num uvs            :  2358
		num uvs2           :  0
		num colors         :  0
		num indices        :  2298
	processing begun of mesh:  Rock_1
		processing begun of material:  Material.020
			processing texture Texture
				texture type:  diffuseTexture, mapped using: "UVMap"
		Custom split normals with tangents being used
		num positions      :  1553
		num normals        :  1553
		num tangents       :  6212
		num uvs            :  3106
		num uvs2           :  0
		num colors         :  0
		num indices        :  1554
	processing begun of mesh:  Rock_2
		processing begun of material:  Material.022
			processing texture Texture
				texture type:  diffuseTexture, mapped using: "UVMap"
		Custom split normals with tangents being used
		num positions      :  8011
		num normals        :  8011
		num tangents       :  32044
		num uvs            :  16022
		num uvs2           :  0
		num colors         :  0
		num indices        :  9606
	processing begun of mesh:  Rock_3
		processing begun of material:  SPW_Natures_01.017
			processing texture Texture
				texture type:  diffuseTexture, mapped using: "UVMap"
		Custom split normals with tangents being used
		num positions      :  12780
		num normals        :  12780
		num tangents       :  51120
		num uvs            :  25560
		num uvs2           :  0
		num colors         :  0
		num indices        :  12792
	processing begun of mesh:  Rock_Flat
		processing begun of material:  palette.014
			processing texture Rock_Flat
				texture type:  diffuseTexture, mapped using: "UVMap"
		Custom split normals with tangents being used
		num positions      :  816
		num normals        :  816
		num tangents       :  3264
		num uvs            :  1632
		num uvs2           :  0
		num colors         :  0
		num indices        :  1608
	processing begun of mesh:  Tree_1
		processing begun of material:  Material.011
			processing texture Texture
				texture type:  diffuseTexture, mapped using: "UVMap"
		Custom split normals with tangents being used
		num positions      :  4628
		num normals        :  4628
		num tangents       :  18512
		num uvs            :  9256
		num uvs2           :  0
		num colors         :  0
		num indices        :  5454
	processing begun of mesh:  Tree_2
		processing begun of material:  Material.012
			processing texture Texture
				texture type:  diffuseTexture, mapped using: "UVMap"
		Custom split normals with tangents being used
		num positions      :  30028
		num normals        :  30028
		num tangents       :  120112
		num uvs            :  60056
		num uvs2           :  0
		num colors         :  0
		num indices        :  34242
	processing begun of mesh:  Tree_3
		processing begun of material:  Material.009
			processing texture Texture
				texture type:  diffuseTexture, mapped using: "UVMap"
		Custom split normals with tangents being used
		num positions      :  3906
		num normals        :  3906
		num tangents       :  15624
		num uvs            :  7812
		num uvs2           :  0
		num colors         :  0
		num indices        :  4464
	processing begun of light (POINT):  Light
========= Writing of JSON file started =========
	writing mesh:  Flower_Small_Pink
	writing mesh:  Flower_Small_Pink_2
	writing mesh:  Flower_Small_Red
	writing mesh:  Flower_Small_Red_2
	writing mesh:  Flower_Small_Red_3
	writing mesh:  Flower_Small_Sky_Blue
	writing mesh:  Flower_Small_Sky_Blue_2
	writing mesh:  Flower_Small_Yellow
	writing mesh:  Flower_Small_Yellow_2
	writing mesh:  Grass_1
	writing mesh:  Grass_2
	writing mesh:  Grass_3
	writing mesh:  Log_1
	writing mesh:  Log_2
	writing mesh:  Rock
	writing mesh:  Rock_1
	writing mesh:  Rock_2
	writing mesh:  Rock_3
	writing mesh:  Rock_Flat
	writing mesh:  Tree_1
	writing mesh:  Tree_2
	writing mesh:  Tree_3
========= Writing of JSON file completed =========
========= end of processing =========
elapsed time:  0 min, 3.5034 secs
