Exporter version: 6.2.4, Blender version: 2.81 (sub 16)
========= Conversion from Blender to Babylon.js =========
	Scene settings used :
		inline textures     :  false
		Material Type       :  PBR
		Positions Precision :  4
		Normals Precision   :  3
		UVs Precision       :  3
		Vert Color Precision:  3
		Mat Weight Precision:  2
		texture directory   :  C:\Users\aocon\babylonScenes\newBabylonJS_Game\assets\islandScene\
	Python World class constructor completed
	processing begun of skeleton:  Armature, id:  0
		processing begun of bone:  Bone, index:  0
		processing begun of bone:  Bone.001, index:  1
		processing begun of bone:  Bone.002, index:  2
		processing begun of bone:  Bone.003, index:  3
		processing begun of bone:  Bone.004, index:  4
		processing begun of bone:  Bone.005, index:  5
		processing begun of bone:  Bone.006, index:  6
		processing begun of bone:  Bone.007, index:  7
		processing begun of bone:  Bone.008, index:  8
		processing begun of bone:  Bone.009, index:  9
		processing begun of bone:  Bone.010, index:  10
		processing begun of bone:  Bone.013, index:  11
		processing begun of bone:  Bone.011, index:  12
		processing begun of bone:  Bone.015, index:  13
		processing begun of bone:  Bone.017, index:  14
		processing begun of bone:  Bone.014, index:  15
		processing begun of bone:  Bone.012, index:  16
		processing begun of bone:  Bone.016, index:  17
		processing begun of bone:  Bone.018, index:  18
		processing action Action:  in[1 - 100], out[0 - 100]
	processing begun of camera (UniversalCamera):  Camera
	processing begun of mesh:  palmTree
		processing begun of material:  palmTopLeaf
		processing begun of material:  palmBottomLeaf
		processing begun of material:  palmTrunk
			processing texture palmTree_0
				texture type:  diffuseTexture, mapped using: "UVMap"
			processing texture palmTree_1
				texture type:  diffuseTexture, mapped using: "UVMap"
			processing texture palmTree_2
				texture type:  diffuseTexture, mapped using: "UVMap"
		processing begun of multimaterial:  palmTree.Multimaterial#0
		Custom split normals with tangents being used
		num positions      :  5016
		num normals        :  5016
		num tangents       :  20064
		num uvs            :  10032
		num uvs2           :  0
		num colors         :  0
		num indices        :  8355
		Skeleton stats:  
			Total Influencers:  7700
			Avg # of influencers per vertex:  1.5351
			Highest # of influencers observed:  4, num vertices with this:  32
			exported as 4 influencers
			num skeletonWeights and skeletonIndices:  20064
	processing begun of light (POINT):  Light
========= Writing of JSON file started =========
	writing mesh:  palmTree
========= Writing of JSON file completed =========
========= end of processing =========
elapsed time:  0 min, 2.7502 secs
