Exporter version: 6.2.4, Blender version: 2.81 (sub 16)
========= Conversion from Blender to Babylon.js =========
	Scene settings used :
		inline textures     :  false
		Material Type       :  PBR
		Positions Precision :  4
		Normals Precision   :  3
		UVs Precision       :  3
		Vert Color Precision:  3
		Mat Weight Precision:  2
		texture directory   :  C:\Users\aocon\babylonScenes\babylonJS_Game\assets\islandScene\
	Python World class constructor completed
	processing begun of camera (UniversalCamera):  Camera
	processing begun of mesh:  Pier
		processing begun of material:  Pier
			processing texture pier
				texture type:  diffuseTexture, mapped using: "UVMap"
		Custom split normals with tangents being used
		num positions      :  1770
		num normals        :  1770
		num tangents       :  7080
		num uvs            :  3540
		num uvs2           :  0
		num colors         :  0
		num indices        :  3012
	processing begun of light (POINT):  Light
========= Writing of JSON file started =========
	writing mesh:  Pier
========= Writing of JSON file completed =========
========= end of processing =========
elapsed time:  0 min, 0.2543 secs
